-----------------------------------------------------------------
[8928] 2022/05/28 15:10:16.301 CALL SKOrderLib_ReadCertByID(M122743970)
[8928] 2022/05/28 15:10:16.403 OrderSendSign result:0
[8928] 2022/05/28 15:51:56.992 -----------------------------------------------------------------
[10812] 2022/05/28 17:03:37.700 CALL SKOrderLib_ReadCertByID(M122743970)
[10812] 2022/05/28 17:03:37.780 OrderSendSign result:0
[10812] 2022/05/28 17:04:02.870 -----------------------------------------------------------------
[12648] 2022/05/28 17:05:53.397 CALL SKOrderLib_ReadCertByID(M122743970)
[12648] 2022/05/28 17:05:53.445 OrderSendSign result:0
[12648] 2022/05/28 17:06:50.682 -----------------------------------------------------------------
[11964] 2022/05/28 17:10:17.838 CALL SKOrderLib_ReadCertByID(M122743970)
[11964] 2022/05/28 17:10:17.924 OrderSendSign result:0
[11964] 2022/05/28 17:10:30.785 『SendStockOrder』 Account:91310215477,StockNo:3434,Prime:0,Flag:0,BuySell:0,Price:39,Qty:1,TradeType:0,SpecTradeType:2)
[11964] 2022/05/28 17:10:30.785 SendStockOrder : 0111964171030785&=y&=TS91310215477&=3434&=B00RTN&=39&=1
[11964] 2022/05/28 17:10:30.785 下單獨立後驗
[11964] 2022/05/28 17:10:30.789 CertWorker 驗章ID：M122743970
[11964] 2022/05/28 17:10:30.812 CertWorker 下單驗章完成
[11964] 2022/05/28 17:10:30.852 同步-委託:M005 0001 預約單委託完成，請查詢委託狀況。[4105281000103]
[11964] 2022/05/28 17:10:44.905 『SendStockOrder』 Account:91310215477,StockNo:3434,Prime:0,Flag:0,BuySell:0,Price:39,Qty:1,TradeType:0,SpecTradeType:2)
[11964] 2022/05/28 17:10:44.905 SendStockOrder : 0211964171044905&=y&=TS91310215477&=3434&=B00RTN&=39&=1
[11964] 2022/05/28 17:10:44.905 下單獨立後驗
[11964] 2022/05/28 17:10:44.910 CertWorker 驗章ID：M122743970
[11964] 2022/05/28 17:10:44.932 CertWorker 下單驗章完成
[11964] 2022/05/28 17:10:44.953 同步-委託:M005 0001 預約單委託完成，請查詢委託狀況。[4105281000104]
[11964] 2022/05/28 17:10:45.730 『SendStockOrder』 Account:91310215477,StockNo:3434,Prime:0,Flag:0,BuySell:0,Price:39,Qty:1,TradeType:0,SpecTradeType:2)
[11964] 2022/05/28 17:10:45.730 SendStockOrder : 0311964171045730&=y&=TS91310215477&=3434&=B00RTN&=39&=1
[11964] 2022/05/28 17:10:45.730 下單獨立後驗
[11964] 2022/05/28 17:10:45.735 CertWorker 驗章ID：M122743970
[11964] 2022/05/28 17:10:45.758 CertWorker 下單驗章完成
[11964] 2022/05/28 17:10:45.760 同步-委託:M005 0001 預約單委託完成，請查詢委託狀況。[4105281000105]
[11964] 2022/05/28 17:10:46.666 『SendStockOrder』 Account:91310215477,StockNo:3434,Prime:0,Flag:0,BuySell:0,Price:39,Qty:1,TradeType:0,SpecTradeType:2)
[11964] 2022/05/28 17:10:46.666 SendStockOrder : 0411964171046666&=y&=TS91310215477&=3434&=B00RTN&=39&=1
[11964] 2022/05/28 17:10:46.666 下單獨立後驗
[11964] 2022/05/28 17:10:46.671 CertWorker 驗章ID：M122743970
[11964] 2022/05/28 17:10:46.694 CertWorker 下單驗章完成
[11964] 2022/05/28 17:10:46.696 同步-委託:M005 0001 預約單委託完成，請查詢委託狀況。[4105281000106]
[11964] 2022/05/28 17:26:34.435 -----------------------------------------------------------------
[18152] 2022/05/28 17:41:46.448 CALL SKOrderLib_ReadCertByID(M122743970)
[18152] 2022/05/28 17:41:46.505 OrderSendSign result:0
[18152] 2022/05/28 17:41:48.804 -----------------------------------------------------------------
[12804] 2022/05/28 17:44:29.993 CALL SKOrderLib_ReadCertByID(M122743970)
[12804] 2022/05/28 17:44:30.044 OrderSendSign result:0
[12804] 2022/05/28 17:44:36.655 -----------------------------------------------------------------
[5436] 2022/05/28 17:45:28.405 CALL SKOrderLib_ReadCertByID(M122743970)
[5436] 2022/05/28 17:45:28.493 OrderSendSign result:0
[5436] 2022/05/28 17:45:34.623 -----------------------------------------------------------------
[11380] 2022/05/28 17:45:58.361 CALL SKOrderLib_ReadCertByID(M122743970)
[11380] 2022/05/28 17:45:58.431 OrderSendSign result:0
[11380] 2022/05/28 17:45:59.483 『SendStockOrder』 Account:91310215477,StockNo:3434,Prime:0,Flag:0,BuySell:0,Price:40,Qty:1,TradeType:0,SpecTradeType:2)
[11380] 2022/05/28 17:45:59.483 SendStockOrder : 0111380174559483&=y&=TS91310215477&=3434&=B00RTN&=40&=1
[11380] 2022/05/28 17:45:59.483 下單獨立後驗
[11380] 2022/05/28 17:45:59.488 CertWorker 驗章ID：M122743970
[11380] 2022/05/28 17:45:59.511 CertWorker 下單驗章完成
[11380] 2022/05/28 17:45:59.548 同步-委託:M005 0001 預約單委託完成，請查詢委託狀況。[4105281000107]
[11380] 2022/05/28 17:46:40.518 『SendStockOrder』 Account:91310215477,StockNo:3434,Prime:0,Flag:0,BuySell:0,Price:40,Qty:1,TradeType:0,SpecTradeType:2)
[11380] 2022/05/28 17:46:40.518 SendStockOrder : 0211380174640518&=y&=TS91310215477&=3434&=B00RTN&=40&=1
[11380] 2022/05/28 17:46:40.518 下單獨立後驗
[11380] 2022/05/28 17:46:40.523 CertWorker 驗章ID：M122743970
[11380] 2022/05/28 17:46:40.548 CertWorker 下單驗章完成
[11380] 2022/05/28 17:46:40.570 同步-委託:M005 0001 預約單委託完成，請查詢委託狀況。[4105281000108]
[11380] 2022/05/28 17:46:40.990 『SendStockOrder』 Account:91310215477,StockNo:3434,Prime:0,Flag:0,BuySell:0,Price:40,Qty:1,TradeType:0,SpecTradeType:2)
[11380] 2022/05/28 17:46:40.990 SendStockOrder : 0311380174640990&=y&=TS91310215477&=3434&=B00RTN&=40&=1
[11380] 2022/05/28 17:46:40.990 下單獨立後驗
[11380] 2022/05/28 17:46:40.995 CertWorker 驗章ID：M122743970
[11380] 2022/05/28 17:46:41.017 CertWorker 下單驗章完成
[11380] 2022/05/28 17:46:41.021 同步-委託:M005 0001 預約單委託完成，請查詢委託狀況。[4105281000109]
[11380] 2022/05/28 17:46:41.374 『SendStockOrder』 Account:91310215477,StockNo:3434,Prime:0,Flag:0,BuySell:0,Price:40,Qty:1,TradeType:0,SpecTradeType:2)
[11380] 2022/05/28 17:46:41.374 SendStockOrder : 0411380174641374&=y&=TS91310215477&=3434&=B00RTN&=40&=1
[11380] 2022/05/28 17:46:41.374 下單獨立後驗
[11380] 2022/05/28 17:46:41.379 CertWorker 驗章ID：M122743970
[11380] 2022/05/28 17:46:41.404 CertWorker 下單驗章完成
[11380] 2022/05/28 17:46:41.405 同步-委託:M005 0001 預約單委託完成，請查詢委託狀況。[4105281000110]
[11380] 2022/05/28 17:46:41.740 『SendStockOrder』 Account:91310215477,StockNo:3434,Prime:0,Flag:0,BuySell:0,Price:40,Qty:1,TradeType:0,SpecTradeType:2)
[11380] 2022/05/28 17:46:41.740 SendStockOrder : 0511380174641740&=y&=TS91310215477&=3434&=B00RTN&=40&=1
[11380] 2022/05/28 17:46:41.740 下單獨立後驗
[11380] 2022/05/28 17:46:41.745 CertWorker 驗章ID：M122743970
[11380] 2022/05/28 17:46:41.766 同步-委託:M005 0001 預約單委託完成，請查詢委託狀況。[4105281000111]
[11380] 2022/05/28 17:46:41.768 CertWorker 下單驗章完成
[11380] 2022/05/28 17:46:42.110 『SendStockOrder』 Account:91310215477,StockNo:3434,Prime:0,Flag:0,BuySell:0,Price:40,Qty:1,TradeType:0,SpecTradeType:2)
[11380] 2022/05/28 17:46:42.110 SendStockOrder : 0611380174642110&=y&=TS91310215477&=3434&=B00RTN&=40&=1
[11380] 2022/05/28 17:46:42.110 下單獨立後驗
[11380] 2022/05/28 17:46:42.115 CertWorker 驗章ID：M122743970
[11380] 2022/05/28 17:46:42.134 CertWorker 下單驗章完成
[11380] 2022/05/28 17:46:42.144 同步-委託:M005 0001 預約單委託完成，請查詢委託狀況。[4105281000112]
[11380] 2022/05/28 17:46:42.575 『SendStockOrder』 Account:91310215477,StockNo:3434,Prime:0,Flag:0,BuySell:0,Price:40,Qty:1,TradeType:0,SpecTradeType:2)
[11380] 2022/05/28 17:46:42.575 SendStockOrder : 0711380174642575&=y&=TS91310215477&=3434&=B00RTN&=40&=1
[11380] 2022/05/28 17:46:42.575 下單獨立後驗
[11380] 2022/05/28 17:46:42.580 CertWorker 驗章ID：M122743970
[11380] 2022/05/28 17:46:42.601 CertWorker 下單驗章完成
[11380] 2022/05/28 17:46:42.605 同步-委託:M005 0001 預約單委託完成，請查詢委託狀況。[4105281000113]
[11380] 2022/05/28 20:10:59.899 -----------------------------------------------------------------
