-----------------------------------------------------------------
[9908] 2022/05/31 18:36:25.125 CALL SKOrderLib_ReadCertByID(M122743970)
[9908] 2022/05/31 18:36:25.200 OrderSendSign result:0
[9908] 2022/05/31 18:37:08.343 -----------------------------------------------------------------
[18500] 2022/05/31 18:46:49.972 CALL SKOrderLib_ReadCertByID(M122743970)
[18500] 2022/05/31 18:46:50.044 OrderSendSign result:0
[18500] 2022/05/31 18:46:57.254 (SendStockStrategyDayTrade)_Account:91310215477,StockNo:4931,OrderType:0,BuySell:1,Qty:1,OrderPrice:42.75,OrderPriceCond:0,OrderPriceType:2,TPflag:1,RDTPType:0,TPPercent:,TPTrigger:40,TPMarketPriceType:1,TPOrderPrice:,TPOrderCond:0,SLFlag:1,RDOSLType:0,SLPercent:,SPTrigger:45,RDSLMarketPriceType:1,SLOrderPrice:,SLOrderCond:0,ClearAllFlag:1,ClearCancelTime:1323,ClearAllOrderPrice:,ClearAllPriceType:1,ClearOrderCond:0,FinalClearFlag:0, MITFlag:0, MITDir: 0, MITTrigger:0, MITDeal:0
[18500] 2022/05/31 18:46:57.254 SendStockStrategyOrder_DayTrade : Accoun-TS:91310215477, StockNo:4931,OrderType:0,BuySell:1,Qty:1,OrderPrice:42.75,OrderPriceCond:0,OrderPriceType:2,TPflag:1,RDTPType:0,TPPercent:,TPTrigger:40,TPMarketPriceType:1,TPOrderPrice:, TPCond:0,SLFlag:1,RDOSLType:0,SLPercent:,SPTrigger:45,RDSLMarketPriceType:1,SLOrderPrice:,STCond:0,ClearAllFlag:1,ClearCancelTime:1323,ClearAllOrderPrice:,ClearAllPriceType:1,FinalClearFlag:0, ClearCond:0, MITFlag:0, MITDir: 0, MITTrigger:0, MITDeal:0
[18500] 2022/05/31 18:46:57.419 同步-委託 result:000,20220531,預約單已送出, 條件單號：3515181, 交易日:20220601
[18500] 2022/05/31 18:47:03.984 -----------------------------------------------------------------
[17564] 2022/05/31 18:54:26.697 CALL SKOrderLib_ReadCertByID(M122743970)
[17564] 2022/05/31 18:54:26.766 OrderSendSign result:0
[17564] 2022/05/31 18:54:30.517 (SendStockStrategyDayTrade)_Account:91310215477,StockNo:5706,OrderType:0,BuySell:1,Qty:1,OrderPrice:72.5,OrderPriceCond:3,OrderPriceType:2,TPflag:1,RDTPType:0,TPPercent:,TPTrigger:65.6,TPMarketPriceType:1,TPOrderPrice:,TPOrderCond:0,SLFlag:1,RDOSLType:0,SLPercent:,SPTrigger:79.5,RDSLMarketPriceType:1,SLOrderPrice:,SLOrderCond:0,ClearAllFlag:1,ClearCancelTime:1323,ClearAllOrderPrice:,ClearAllPriceType:1,ClearOrderCond:0,FinalClearFlag:0, MITFlag:0, MITDir: 0, MITTrigger:0, MITDeal:0
[17564] 2022/05/31 18:54:30.517 SendStockStrategyOrder_DayTrade : Accoun-TS:91310215477, StockNo:5706,OrderType:0,BuySell:1,Qty:1,OrderPrice:72.5,OrderPriceCond:3,OrderPriceType:2,TPflag:1,RDTPType:0,TPPercent:,TPTrigger:65.6,TPMarketPriceType:1,TPOrderPrice:, TPCond:0,SLFlag:1,RDOSLType:0,SLPercent:,SPTrigger:79.5,RDSLMarketPriceType:1,SLOrderPrice:,STCond:0,ClearAllFlag:1,ClearCancelTime:1323,ClearAllOrderPrice:,ClearAllPriceType:1,FinalClearFlag:0, ClearCond:0, MITFlag:0, MITDir: 0, MITTrigger:0, MITDeal:0
[17564] 2022/05/31 18:54:30.645 同步-委託 result:999;當沖預約單-進場單不接受IOC、FOK以及市價單
[17564] 2022/05/31 18:54:51.277 (SendStockStrategyDayTrade)_Account:91310215477,StockNo:5706,OrderType:0,BuySell:1,Qty:1,OrderPrice:72.5,OrderPriceCond:0,OrderPriceType:2,TPflag:1,RDTPType:0,TPPercent:,TPTrigger:65.6,TPMarketPriceType:1,TPOrderPrice:,TPOrderCond:0,SLFlag:1,RDOSLType:0,SLPercent:,SPTrigger:79.5,RDSLMarketPriceType:1,SLOrderPrice:,SLOrderCond:0,ClearAllFlag:1,ClearCancelTime:1323,ClearAllOrderPrice:,ClearAllPriceType:1,ClearOrderCond:0,FinalClearFlag:0, MITFlag:0, MITDir: 0, MITTrigger:0, MITDeal:0
[17564] 2022/05/31 18:54:51.278 SendStockStrategyOrder_DayTrade : Accoun-TS:91310215477, StockNo:5706,OrderType:0,BuySell:1,Qty:1,OrderPrice:72.5,OrderPriceCond:0,OrderPriceType:2,TPflag:1,RDTPType:0,TPPercent:,TPTrigger:65.6,TPMarketPriceType:1,TPOrderPrice:, TPCond:0,SLFlag:1,RDOSLType:0,SLPercent:,SPTrigger:79.5,RDSLMarketPriceType:1,SLOrderPrice:,STCond:0,ClearAllFlag:1,ClearCancelTime:1323,ClearAllOrderPrice:,ClearAllPriceType:1,FinalClearFlag:0, ClearCond:0, MITFlag:0, MITDir: 0, MITTrigger:0, MITDeal:0
[17564] 2022/05/31 18:54:51.416 同步-委託 result:000,20220531,預約單已送出, 條件單號：3515268, 交易日:20220601
[17564] 2022/05/31 18:55:11.378 -----------------------------------------------------------------
[17132] 2022/05/31 22:48:09.431 CALL SKOrderLib_ReadCertByID(M122743970)
[17132] 2022/05/31 22:48:09.491 OrderSendSign result:0
[17132] 2022/05/31 22:48:12.423 (SendStockStrategyDayTrade)_Account:91310215477,StockNo:5706,OrderType:0,BuySell:1,Qty:1,OrderPrice:72.5,OrderPriceCond:0,OrderPriceType:2,TPflag:1,RDTPType:0,TPPercent:,TPTrigger:65.6,TPMarketPriceType:1,TPOrderPrice:,TPOrderCond:0,SLFlag:1,RDOSLType:0,SLPercent:,SPTrigger:79.5,RDSLMarketPriceType:1,SLOrderPrice:,SLOrderCond:0,ClearAllFlag:1,ClearCancelTime:1323,ClearAllOrderPrice:,ClearAllPriceType:1,ClearOrderCond:0,FinalClearFlag:0, MITFlag:0, MITDir: 0, MITTrigger:0, MITDeal:0
[17132] 2022/05/31 22:48:12.423 SendStockStrategyOrder_DayTrade : Accoun-TS:91310215477, StockNo:5706,OrderType:0,BuySell:1,Qty:1,OrderPrice:72.5,OrderPriceCond:0,OrderPriceType:2,TPflag:1,RDTPType:0,TPPercent:,TPTrigger:65.6,TPMarketPriceType:1,TPOrderPrice:, TPCond:0,SLFlag:1,RDOSLType:0,SLPercent:,SPTrigger:79.5,RDSLMarketPriceType:1,SLOrderPrice:,STCond:0,ClearAllFlag:1,ClearCancelTime:1323,ClearAllOrderPrice:,ClearAllPriceType:1,FinalClearFlag:0, ClearCond:0, MITFlag:0, MITDir: 0, MITTrigger:0, MITDeal:0
[17132] 2022/05/31 22:48:12.885 同步-委託 result:000,20220531,預約單已送出, 條件單號：3518348, 交易日:20220601
[17132] 2022/05/31 22:48:28.156 -----------------------------------------------------------------
