-----------------------------------------------------------------
[15992] 2022/05/28 12:53:18.987 [M122743970]無法在憑證區(或憑證檔)中,找到指定憑證(5010)
[15992] 2022/05/28 12:53:18.988 Cert isn't exist or invalid, error code is 5010.  Please apply new one from Capital website.
[15992] 2022/05/28 12:53:18.993 Login ID: M122743970
[15992] 2022/05/28 12:53:18.994 Version：2.13.37
[15992] 2022/05/28 12:53:18.994 SKCOMBit：x64
[15992] 2022/05/28 12:53:19.085 Login Code: 507
[15992] 2022/05/28 12:53:21.540 -----------------------------------------------------------------
[3156] 2022/05/28 12:56:37.705 [M122743970]無法在憑證區(或憑證檔)中,找到指定憑證(5010)
[3156] 2022/05/28 12:56:37.706 Cert isn't exist or invalid, error code is 5010.  Please apply new one from Capital website.
[3156] 2022/05/28 12:56:37.708 Login ID: M122743970
[3156] 2022/05/28 12:56:37.709 Version：2.13.37
[3156] 2022/05/28 12:56:37.709 SKCOMBit：x64
[3156] 2022/05/28 12:56:37.797 Login Code: 507
[3156] 2022/05/28 12:56:39.071 [M122743970]無法在憑證區(或憑證檔)中,找到指定憑證(5010)
[3156] 2022/05/28 12:56:39.072 Cert isn't exist or invalid, error code is 5010.  Please apply new one from Capital website.
[3156] 2022/05/28 12:56:39.074 Login ID: M122743970
[3156] 2022/05/28 12:56:39.074 Version：2.13.37
[3156] 2022/05/28 12:56:39.074 SKCOMBit：x64
[3156] 2022/05/28 12:56:39.124 Login Code: 507
[3156] 2022/05/28 12:56:39.672 [M122743970]無法在憑證區(或憑證檔)中,找到指定憑證(5010)
[3156] 2022/05/28 12:56:39.672 Cert isn't exist or invalid, error code is 5010.  Please apply new one from Capital website.
[3156] 2022/05/28 12:56:39.674 Login ID: M122743970
[3156] 2022/05/28 12:56:39.674 Version：2.13.37
[3156] 2022/05/28 12:56:39.675 SKCOMBit：x64
[3156] 2022/05/28 12:56:39.713 Login Code: 507
[3156] 2022/05/28 12:56:40.116 [M122743970]無法在憑證區(或憑證檔)中,找到指定憑證(5010)
[3156] 2022/05/28 12:56:40.117 Cert isn't exist or invalid, error code is 5010.  Please apply new one from Capital website.
[3156] 2022/05/28 12:56:40.119 Login ID: M122743970
[3156] 2022/05/28 12:56:40.119 Version：2.13.37
[3156] 2022/05/28 12:56:40.119 SKCOMBit：x64
[3156] 2022/05/28 12:56:40.159 Login Code: 507
[3156] 2022/05/28 12:56:40.284 [M122743970]無法在憑證區(或憑證檔)中,找到指定憑證(5010)
[3156] 2022/05/28 12:56:40.285 Cert isn't exist or invalid, error code is 5010.  Please apply new one from Capital website.
[3156] 2022/05/28 12:56:40.287 Login ID: M122743970
[3156] 2022/05/28 12:56:40.287 Version：2.13.37
[3156] 2022/05/28 12:56:40.287 SKCOMBit：x64
[3156] 2022/05/28 12:56:40.320 Login Code: 507
[3156] 2022/05/28 12:56:40.447 [M122743970]無法在憑證區(或憑證檔)中,找到指定憑證(5010)
[3156] 2022/05/28 12:56:40.448 Cert isn't exist or invalid, error code is 5010.  Please apply new one from Capital website.
[3156] 2022/05/28 12:56:40.450 Login ID: M122743970
[3156] 2022/05/28 12:56:40.450 Version：2.13.37
[3156] 2022/05/28 12:56:40.450 SKCOMBit：x64
[3156] 2022/05/28 12:56:40.492 Login Code: 507
[3156] 2022/05/28 12:56:40.612 [M122743970]無法在憑證區(或憑證檔)中,找到指定憑證(5010)
[3156] 2022/05/28 12:56:40.613 Cert isn't exist or invalid, error code is 5010.  Please apply new one from Capital website.
[3156] 2022/05/28 12:56:40.615 Login ID: M122743970
[3156] 2022/05/28 12:56:40.615 Version：2.13.37
[3156] 2022/05/28 12:56:40.615 SKCOMBit：x64
[3156] 2022/05/28 12:56:40.638 Login Code: 507
[3156] 2022/05/28 12:56:40.761 [M122743970]無法在憑證區(或憑證檔)中,找到指定憑證(5010)
[3156] 2022/05/28 12:56:40.761 Cert isn't exist or invalid, error code is 5010.  Please apply new one from Capital website.
[3156] 2022/05/28 12:56:40.763 Login ID: M122743970
[3156] 2022/05/28 12:56:40.763 Version：2.13.37
[3156] 2022/05/28 12:56:40.764 SKCOMBit：x64
[3156] 2022/05/28 12:56:40.787 Login Code: 507
[3156] 2022/05/28 12:56:40.909 [M122743970]無法在憑證區(或憑證檔)中,找到指定憑證(5010)
[3156] 2022/05/28 12:56:40.910 Cert isn't exist or invalid, error code is 5010.  Please apply new one from Capital website.
[3156] 2022/05/28 12:56:40.912 Login ID: M122743970
[3156] 2022/05/28 12:56:40.912 Version：2.13.37
[3156] 2022/05/28 12:56:40.912 SKCOMBit：x64
[3156] 2022/05/28 12:56:40.958 Login Code: 507
[3156] 2022/05/28 12:56:41.069 [M122743970]無法在憑證區(或憑證檔)中,找到指定憑證(5010)
[3156] 2022/05/28 12:56:41.070 Cert isn't exist or invalid, error code is 5010.  Please apply new one from Capital website.
[3156] 2022/05/28 12:56:41.072 Login ID: M122743970
[3156] 2022/05/28 12:56:41.072 Version：2.13.37
[3156] 2022/05/28 12:56:41.072 SKCOMBit：x64
[3156] 2022/05/28 12:56:41.095 Login Code: 507
[3156] 2022/05/28 12:56:41.221 [M122743970]無法在憑證區(或憑證檔)中,找到指定憑證(5010)
[3156] 2022/05/28 12:56:41.222 Cert isn't exist or invalid, error code is 5010.  Please apply new one from Capital website.
[3156] 2022/05/28 12:56:41.225 Login ID: M122743970
[3156] 2022/05/28 12:56:41.226 Version：2.13.37
[3156] 2022/05/28 12:56:41.226 SKCOMBit：x64
[3156] 2022/05/28 12:56:41.241 Login Code: 507
[3156] 2022/05/28 12:56:41.365 [M122743970]無法在憑證區(或憑證檔)中,找到指定憑證(5010)
[3156] 2022/05/28 12:56:41.366 Cert isn't exist or invalid, error code is 5010.  Please apply new one from Capital website.
[3156] 2022/05/28 12:56:41.367 Login ID: M122743970
[3156] 2022/05/28 12:56:41.367 Version：2.13.37
[3156] 2022/05/28 12:56:41.368 SKCOMBit：x64
[3156] 2022/05/28 12:56:41.402 Login Code: 507
[3156] 2022/05/28 12:56:41.500 [M122743970]無法在憑證區(或憑證檔)中,找到指定憑證(5010)
[3156] 2022/05/28 12:56:41.501 Cert isn't exist or invalid, error code is 5010.  Please apply new one from Capital website.
[3156] 2022/05/28 12:56:41.503 Login ID: M122743970
[3156] 2022/05/28 12:56:41.503 Version：2.13.37
[3156] 2022/05/28 12:56:41.504 SKCOMBit：x64
[3156] 2022/05/28 12:56:41.545 Login Code: 507
[3156] 2022/05/28 12:56:41.654 [M122743970]無法在憑證區(或憑證檔)中,找到指定憑證(5010)
[3156] 2022/05/28 12:56:41.655 Cert isn't exist or invalid, error code is 5010.  Please apply new one from Capital website.
[3156] 2022/05/28 12:56:41.657 Login ID: M122743970
[3156] 2022/05/28 12:56:41.657 Version：2.13.37
[3156] 2022/05/28 12:56:41.657 SKCOMBit：x64
[3156] 2022/05/28 12:56:41.702 Login Code: 507
[3156] 2022/05/28 12:56:41.814 [M122743970]無法在憑證區(或憑證檔)中,找到指定憑證(5010)
[3156] 2022/05/28 12:56:41.815 Cert isn't exist or invalid, error code is 5010.  Please apply new one from Capital website.
[3156] 2022/05/28 12:56:41.817 Login ID: M122743970
[3156] 2022/05/28 12:56:41.817 Version：2.13.37
[3156] 2022/05/28 12:56:41.817 SKCOMBit：x64
[3156] 2022/05/28 12:56:41.857 Login Code: 507
[3156] 2022/05/28 12:56:41.953 [M122743970]無法在憑證區(或憑證檔)中,找到指定憑證(5010)
[3156] 2022/05/28 12:56:41.953 Cert isn't exist or invalid, error code is 5010.  Please apply new one from Capital website.
[3156] 2022/05/28 12:56:41.955 Login ID: M122743970
[3156] 2022/05/28 12:56:41.955 Version：2.13.37
[3156] 2022/05/28 12:56:41.955 SKCOMBit：x64
[3156] 2022/05/28 12:56:41.995 Login Code: 507
[3156] 2022/05/28 12:56:42.903 -----------------------------------------------------------------
[8928] 2022/05/28 15:10:06.221 Login ID: M122743970
[8928] 2022/05/28 15:10:06.221 Version：2.13.37
[8928] 2022/05/28 15:10:06.221 SKCOMBit：x64
[8928] 2022/05/28 15:10:06.574 Login Code: 0
[8928] 2022/05/28 15:10:15.282 Client Host Name:DESKTOP-V2EFVID,ClientIP:192.168.2.95
[8928] 2022/05/28 15:51:56.992 -----------------------------------------------------------------
[10812] 2022/05/28 17:03:33.993 Login ID: M122743970
[10812] 2022/05/28 17:03:33.993 Version：2.13.37
[10812] 2022/05/28 17:03:33.993 SKCOMBit：x64
[10812] 2022/05/28 17:03:35.441 Login Code: 0
[10812] 2022/05/28 17:03:35.957 Client Host Name:DESKTOP-V2EFVID,ClientIP:192.168.2.95
[10812] 2022/05/28 17:04:02.870 -----------------------------------------------------------------
[12648] 2022/05/28 17:05:48.315 Login ID: M122743970
[12648] 2022/05/28 17:05:48.316 Version：2.13.37
[12648] 2022/05/28 17:05:48.316 SKCOMBit：x64
[12648] 2022/05/28 17:05:48.609 Login Code: 0
[12648] 2022/05/28 17:05:48.996 Client Host Name:DESKTOP-V2EFVID,ClientIP:192.168.2.95
[12648] 2022/05/28 17:06:50.682 -----------------------------------------------------------------
[11964] 2022/05/28 17:10:12.400 Login ID: M122743970
[11964] 2022/05/28 17:10:12.400 Version：2.13.37
[11964] 2022/05/28 17:10:12.400 SKCOMBit：x64
[11964] 2022/05/28 17:10:12.843 Login Code: 0
[11964] 2022/05/28 17:10:13.286 Client Host Name:DESKTOP-V2EFVID,ClientIP:192.168.2.95
[11964] 2022/05/28 17:26:34.435 -----------------------------------------------------------------
[7848] 2022/05/28 17:40:41.492 Login ID: M122743970
[7848] 2022/05/28 17:40:41.492 Version：2.13.37
[7848] 2022/05/28 17:40:41.492 SKCOMBit：x64
[7848] 2022/05/28 17:40:41.924 Login Code: 0
[7848] 2022/05/28 17:40:42.375 Client Host Name:DESKTOP-V2EFVID,ClientIP:192.168.2.95
[7848] 2022/05/28 17:40:55.797 -----------------------------------------------------------------
[9220] 2022/05/28 17:40:59.017 Login ID: M122743970
[9220] 2022/05/28 17:40:59.017 Version：2.13.37
[9220] 2022/05/28 17:40:59.017 SKCOMBit：x64
[9220] 2022/05/28 17:40:59.427 Login Code: 0
[9220] 2022/05/28 17:40:59.876 Client Host Name:DESKTOP-V2EFVID,ClientIP:192.168.2.95
[9220] 2022/05/28 17:41:04.716 -----------------------------------------------------------------
[7176] 2022/05/28 17:41:07.777 Login ID: M122743970
[7176] 2022/05/28 17:41:07.778 Version：2.13.37
[7176] 2022/05/28 17:41:07.779 SKCOMBit：x64
[7176] 2022/05/28 17:41:08.188 Login Code: 0
[7176] 2022/05/28 17:41:08.624 Client Host Name:DESKTOP-V2EFVID,ClientIP:192.168.2.95
[7176] 2022/05/28 17:41:13.165 -----------------------------------------------------------------
[18152] 2022/05/28 17:41:45.131 Login ID: M122743970
[18152] 2022/05/28 17:41:45.131 Version：2.13.37
[18152] 2022/05/28 17:41:45.131 SKCOMBit：x64
[18152] 2022/05/28 17:41:45.520 Login Code: 0
[18152] 2022/05/28 17:41:45.932 Client Host Name:DESKTOP-V2EFVID,ClientIP:192.168.2.95
[18152] 2022/05/28 17:41:48.804 -----------------------------------------------------------------
[12804] 2022/05/28 17:44:26.939 Login ID: M122743970
[12804] 2022/05/28 17:44:26.939 Version：2.13.37
[12804] 2022/05/28 17:44:26.939 SKCOMBit：x64
[12804] 2022/05/28 17:44:28.467 Login Code: 0
[12804] 2022/05/28 17:44:28.869 Client Host Name:DESKTOP-V2EFVID,ClientIP:192.168.2.95
[12804] 2022/05/28 17:44:36.655 -----------------------------------------------------------------
[8956] 2022/05/28 17:45:18.860 Login ID: M122743970
[8956] 2022/05/28 17:45:18.860 Version：2.13.37
[8956] 2022/05/28 17:45:18.860 SKCOMBit：x64
[8956] 2022/05/28 17:45:19.247 Login Code: 0
[8956] 2022/05/28 17:45:19.649 Client Host Name:DESKTOP-V2EFVID,ClientIP:192.168.2.95
[8956] 2022/05/28 17:45:23.330 -----------------------------------------------------------------
[5436] 2022/05/28 17:45:27.585 Login ID: M122743970
[5436] 2022/05/28 17:45:27.586 Version：2.13.37
[5436] 2022/05/28 17:45:27.586 SKCOMBit：x64
[5436] 2022/05/28 17:45:27.948 Login Code: 0
[5436] 2022/05/28 17:45:28.391 Client Host Name:DESKTOP-V2EFVID,ClientIP:192.168.2.95
[5436] 2022/05/28 17:45:34.623 -----------------------------------------------------------------
[11380] 2022/05/28 17:45:57.060 Login ID: M122743970
[11380] 2022/05/28 17:45:57.061 Version：2.13.37
[11380] 2022/05/28 17:45:57.061 SKCOMBit：x64
[11380] 2022/05/28 17:45:57.399 Login Code: 0
[11380] 2022/05/28 17:45:57.832 Client Host Name:DESKTOP-V2EFVID,ClientIP:192.168.2.95
[11380] 2022/05/28 20:10:59.899 -----------------------------------------------------------------
[6236] 2022/05/30 20:42:21.349 Login ID: M122743970
[6236] 2022/05/30 20:42:21.349 Version：2.13.37
[6236] 2022/05/30 20:42:21.349 SKCOMBit：x64
[6236] 2022/05/30 20:42:21.798 Login Code: 0
[6236] 2022/05/30 20:42:23.000 Client Host Name:DESKTOP-V2EFVID,ClientIP:192.168.2.95
[6236] 2022/05/30 20:42:24.258 -----------------------------------------------------------------
[12352] 2022/05/30 22:59:06.094 Login ID: M122743970
[12352] 2022/05/30 22:59:06.094 Version：2.13.37
[12352] 2022/05/30 22:59:06.094 SKCOMBit：x64
[12352] 2022/05/30 22:59:06.588 Login Code: 0
[12352] 2022/05/30 22:59:08.115 Client Host Name:DESKTOP-V2EFVID,ClientIP:192.168.2.95
[12352] 2022/05/30 23:07:22.994 -----------------------------------------------------------------
[9908] 2022/05/31 18:36:18.147 Login ID: M122743970
[9908] 2022/05/31 18:36:18.147 Version：2.13.37
[9908] 2022/05/31 18:36:18.148 SKCOMBit：x64
[9908] 2022/05/31 18:36:21.756 Login Code: 0
[9908] 2022/05/31 18:36:22.614 Client Host Name:DESKTOP-V2EFVID,ClientIP:192.168.2.95
[9908] 2022/05/31 18:37:08.343 -----------------------------------------------------------------
[18500] 2022/05/31 18:46:30.235 Login ID: M122743970
[18500] 2022/05/31 18:46:30.235 Version：2.13.37
[18500] 2022/05/31 18:46:30.236 SKCOMBit：x64
[18500] 2022/05/31 18:46:30.545 Login Code: 0
[18500] 2022/05/31 18:46:48.501 Client Host Name:DESKTOP-V2EFVID,ClientIP:192.168.2.95
[18500] 2022/05/31 18:47:03.987 -----------------------------------------------------------------
[17564] 2022/05/31 18:53:21.926 Login ID: M122743970
[17564] 2022/05/31 18:53:21.927 Version：2.13.37
[17564] 2022/05/31 18:53:21.927 SKCOMBit：x64
[17564] 2022/05/31 18:53:22.273 Login Code: 0
[17564] 2022/05/31 18:53:22.873 Client Host Name:DESKTOP-V2EFVID,ClientIP:192.168.2.95
[17564] 2022/05/31 18:55:11.378 -----------------------------------------------------------------
[12904] 2022/05/31 22:23:14.108 Login ID: M122743970
[12904] 2022/05/31 22:23:14.108 Version：2.13.37
[12904] 2022/05/31 22:23:14.109 SKCOMBit：x64
[12904] 2022/05/31 22:23:15.702 Login Code: 0
[12904] 2022/05/31 22:23:16.729 Client Host Name:DESKTOP-V2EFVID,ClientIP:192.168.2.95
[3048] 2022/05/31 22:24:07.420 Login ID: M122743970
[3048] 2022/05/31 22:24:07.421 Version：2.13.37
[3048] 2022/05/31 22:24:07.421 SKCOMBit：x64
[3048] 2022/05/31 22:24:08.111 Login Code: 0
[3048] 2022/05/31 22:24:09.824 Client Host Name:DESKTOP-V2EFVID,ClientIP:192.168.2.95
[3048] 2022/05/31 22:24:13.992 -----------------------------------------------------------------
[17620] 2022/05/31 22:24:38.372 Login ID: M122743970
[17620] 2022/05/31 22:24:38.373 Version：2.13.37
[17620] 2022/05/31 22:24:38.373 SKCOMBit：x64
[17620] 2022/05/31 22:24:38.901 Login Code: 0
[17620] 2022/05/31 22:24:42.353 Client Host Name:DESKTOP-V2EFVID,ClientIP:192.168.2.95
[17620] 2022/05/31 22:24:58.448 -----------------------------------------------------------------
[19484] 2022/05/31 22:26:31.425 Login ID: M122743970
[19484] 2022/05/31 22:26:31.425 Version：2.13.37
[19484] 2022/05/31 22:26:31.425 SKCOMBit：x64
[19484] 2022/05/31 22:26:32.850 Login Code: 0
[19484] 2022/05/31 22:26:37.086 Client Host Name:DESKTOP-V2EFVID,ClientIP:192.168.2.95
[19484] 2022/05/31 22:27:28.939 -----------------------------------------------------------------
[13356] 2022/05/31 22:31:48.855 Login ID: M122743970
[13356] 2022/05/31 22:31:48.856 Version：2.13.37
[13356] 2022/05/31 22:31:48.856 SKCOMBit：x64
[13356] 2022/05/31 22:31:49.276 Login Code: 0
[13356] 2022/05/31 22:31:51.174 Client Host Name:DESKTOP-V2EFVID,ClientIP:192.168.2.95
[13356] 2022/05/31 22:31:53.152 -----------------------------------------------------------------
[27892] 2022/05/31 22:34:02.026 Login ID: M122743970
[27892] 2022/05/31 22:34:02.027 Version：2.13.37
[27892] 2022/05/31 22:34:02.027 SKCOMBit：x64
[27892] 2022/05/31 22:34:02.351 Login Code: 0
[27892] 2022/05/31 22:34:02.872 Client Host Name:DESKTOP-V2EFVID,ClientIP:192.168.2.95
[27892] 2022/05/31 22:34:04.600 -----------------------------------------------------------------
[16172] 2022/05/31 22:35:02.234 Login ID: M122743970
[16172] 2022/05/31 22:35:02.234 Version：2.13.37
[16172] 2022/05/31 22:35:02.234 SKCOMBit：x64
[16172] 2022/05/31 22:35:03.292 Login Code: 0
[16172] 2022/05/31 22:35:04.766 Client Host Name:DESKTOP-V2EFVID,ClientIP:192.168.2.95
[16172] 2022/05/31 22:35:06.409 -----------------------------------------------------------------
[11632] 2022/05/31 22:35:58.882 Login ID: M122743970
[11632] 2022/05/31 22:35:58.883 Version：2.13.37
[11632] 2022/05/31 22:35:58.883 SKCOMBit：x64
[11632] 2022/05/31 22:35:59.483 Login Code: 0
[11632] 2022/05/31 22:36:04.200 Client Host Name:DESKTOP-V2EFVID,ClientIP:192.168.2.95
[11632] 2022/05/31 22:36:06.046 -----------------------------------------------------------------
[13872] 2022/05/31 22:45:36.817 Login ID: M122743970
[13872] 2022/05/31 22:45:36.817 Version：2.13.37
[13872] 2022/05/31 22:45:36.817 SKCOMBit：x64
[13872] 2022/05/31 22:45:37.601 Login Code: 0
[13872] 2022/05/31 22:45:53.804 Client Host Name:DESKTOP-V2EFVID,ClientIP:172.20.10.4
[13872] 2022/05/31 22:45:58.084 -----------------------------------------------------------------
[17132] 2022/05/31 22:48:04.201 Login ID: M122743970
[17132] 2022/05/31 22:48:04.201 Version：2.13.37
[17132] 2022/05/31 22:48:04.202 SKCOMBit：x64
[17132] 2022/05/31 22:48:04.639 Login Code: 0
[17132] 2022/05/31 22:48:05.922 Client Host Name:DESKTOP-V2EFVID,ClientIP:192.168.2.95
[17132] 2022/05/31 22:48:28.156 -----------------------------------------------------------------
[22440] 2022/06/01 23:36:04.419 Login ID: M122743970
[22440] 2022/06/01 23:36:04.420 Version：2.13.37
[22440] 2022/06/01 23:36:04.420 SKCOMBit：x64
[22440] 2022/06/01 23:36:05.781 Login Code: 0
[22440] 2022/06/01 23:36:15.999 Client Host Name:DESKTOP-V2EFVID,ClientIP:192.168.2.95
[22440] 2022/06/01 23:37:41.310 -----------------------------------------------------------------
[27944] 2022/06/06 18:12:23.805 Login ID: M122743970
[27944] 2022/06/06 18:12:23.805 Version：2.13.37
[27944] 2022/06/06 18:12:23.806 SKCOMBit：x64
[27944] 2022/06/06 18:12:23.918 Login Code: 502
[27944] 2022/06/06 18:12:23.922 Cert is expired or invalid.  Please apply new one from website.
[27944] 2022/06/06 18:14:11.112 Login ID: M122743970
[27944] 2022/06/06 18:14:11.112 Version：2.13.37
[27944] 2022/06/06 18:14:11.113 SKCOMBit：x64
[27944] 2022/06/06 18:14:11.464 Login Code: 0
[27944] 2022/06/06 18:14:12.476 Client Host Name:DESKTOP-V2EFVID,ClientIP:192.168.2.95
[11028] 2022/06/06 19:47:29.574 Login ID: M122743970
[11028] 2022/06/06 19:47:29.574 Version：2.13.37
[11028] 2022/06/06 19:47:29.574 SKCOMBit：x64
[11028] 2022/06/06 19:47:30.026 Login Code: 0
[11028] 2022/06/06 19:47:33.038 Client Host Name:DESKTOP-V2EFVID,ClientIP:192.168.2.95
[11028] 2022/06/06 19:47:39.465 -----------------------------------------------------------------
[9872] 2022/06/06 22:19:05.358 Login ID: M122743970
[9872] 2022/06/06 22:19:05.358 Version：2.13.37
[9872] 2022/06/06 22:19:05.359 SKCOMBit：x64
[9872] 2022/06/06 22:19:05.727 Login Code: 0
[9872] 2022/06/06 22:19:06.553 Client Host Name:DESKTOP-V2EFVID,ClientIP:192.168.2.95
[9872] 2022/06/06 22:22:32.739 -----------------------------------------------------------------
[8824] 2022/06/06 22:24:47.805 Login ID: M122743970
[8824] 2022/06/06 22:24:47.805 Version：2.13.37
[8824] 2022/06/06 22:24:47.805 SKCOMBit：x64
[8824] 2022/06/06 22:24:48.191 Login Code: 0
[8824] 2022/06/06 22:24:49.047 Client Host Name:DESKTOP-V2EFVID,ClientIP:192.168.2.95
[8824] 2022/06/06 22:25:17.316 -----------------------------------------------------------------
[14960] 2022/06/06 22:28:20.097 Login ID: M122743970
[14960] 2022/06/06 22:28:20.097 Version：2.13.37
[14960] 2022/06/06 22:28:20.098 SKCOMBit：x64
[14960] 2022/06/06 22:28:20.570 Login Code: 0
[14960] 2022/06/06 22:28:24.923 Client Host Name:DESKTOP-V2EFVID,ClientIP:192.168.2.95
[14960] 2022/06/06 22:28:39.030 -----------------------------------------------------------------
[14468] 2022/06/06 22:31:49.090 Login ID: M122743970
[14468] 2022/06/06 22:31:49.090 Version：2.13.37
[14468] 2022/06/06 22:31:49.090 SKCOMBit：x64
[14468] 2022/06/06 22:31:49.570 Login Code: 0
[14468] 2022/06/06 22:31:51.714 Client Host Name:DESKTOP-V2EFVID,ClientIP:192.168.2.95
[14468] 2022/06/06 22:36:08.410 -----------------------------------------------------------------
[3128] 2022/06/06 22:39:01.113 Login ID: M122743970
[3128] 2022/06/06 22:39:01.113 Version：2.13.37
[3128] 2022/06/06 22:39:01.113 SKCOMBit：x64
[3128] 2022/06/06 22:39:01.412 Login Code: 0
[3128] 2022/06/06 22:39:01.963 Client Host Name:DESKTOP-V2EFVID,ClientIP:192.168.2.95
[3128] 2022/06/06 22:46:24.862 -----------------------------------------------------------------
[14700] 2022/06/08 20:44:52.358 Login ID: M122743970
[14700] 2022/06/08 20:44:52.358 Version：2.13.37
[14700] 2022/06/08 20:44:52.359 SKCOMBit：x64
[14700] 2022/06/08 20:44:52.703 Login Code: 0
[14700] 2022/06/08 20:44:53.634 Client Host Name:DESKTOP-V2EFVID,ClientIP:192.168.2.95
[14700] 2022/06/08 20:45:03.823 -----------------------------------------------------------------
[21320] 2022/06/08 23:12:44.918 Login ID: M122743970
[21320] 2022/06/08 23:12:44.919 Version：2.13.37
[21320] 2022/06/08 23:12:44.919 SKCOMBit：x64
[21320] 2022/06/08 23:12:46.420 Login Code: 0
[21320] 2022/06/08 23:12:48.523 Client Host Name:DESKTOP-V2EFVID,ClientIP:192.168.2.95
[21320] 2022/06/08 23:15:32.882 -----------------------------------------------------------------
[2464] 2022/06/08 23:16:39.254 Login ID: M122743970
[2464] 2022/06/08 23:16:39.254 Version：2.13.37
[2464] 2022/06/08 23:16:39.254 SKCOMBit：x64
[2464] 2022/06/08 23:16:39.612 Login Code: 0
[2464] 2022/06/08 23:16:41.503 Client Host Name:DESKTOP-V2EFVID,ClientIP:192.168.2.95
[2464] 2022/06/08 23:23:03.404 -----------------------------------------------------------------
[5988] 2022/06/09 20:17:59.357 Login ID: M122743970
[5988] 2022/06/09 20:17:59.357 Version：2.13.37
[5988] 2022/06/09 20:17:59.358 SKCOMBit：x64
[5988] 2022/06/09 20:18:00.852 Login Code: 0
[5988] 2022/06/09 20:18:01.373 Client Host Name:DESKTOP-V2EFVID,ClientIP:192.168.2.95
[5988] 2022/06/09 20:18:36.866 -----------------------------------------------------------------
[26048] 2022/06/09 21:31:40.820 Login ID: M122743970
[26048] 2022/06/09 21:31:40.821 Version：2.13.37
[26048] 2022/06/09 21:31:40.821 SKCOMBit：x64
[26048] 2022/06/09 21:31:41.194 Login Code: 0
[26048] 2022/06/09 21:31:42.558 Client Host Name:DESKTOP-V2EFVID,ClientIP:192.168.2.95
[26048] 2022/06/09 21:35:48.227 -----------------------------------------------------------------
[1104] 2022/06/10 20:19:31.547 Login ID: M122743970
[1104] 2022/06/10 20:19:31.548 Version：2.13.37
[1104] 2022/06/10 20:19:31.548 SKCOMBit：x64
[1104] 2022/06/10 20:19:32.967 Login Code: 0
[1104] 2022/06/10 20:19:34.487 Client Host Name:DESKTOP-V2EFVID,ClientIP:192.168.2.95
[1104] 2022/06/10 20:20:34.704 -----------------------------------------------------------------
[24020] 2022/06/13 22:15:08.210 Login ID: M122743970
[24020] 2022/06/13 22:15:08.210 Version：2.13.37
[24020] 2022/06/13 22:15:08.210 SKCOMBit：x64
[24020] 2022/06/13 22:15:08.336 Login Code: 502
[24020] 2022/06/13 22:15:08.337 Cert is expired or invalid.  Please apply new one from website.
[24020] 2022/06/13 22:15:22.563 -----------------------------------------------------------------
[7740] 2022/06/13 22:20:02.915 Login ID: M122743970
[7740] 2022/06/13 22:20:02.915 Version：2.13.37
[7740] 2022/06/13 22:20:02.915 SKCOMBit：x64
[7740] 2022/06/13 22:20:03.302 Login Code: 0
[7740] 2022/06/13 22:20:04.186 Client Host Name:DESKTOP-V2EFVID,ClientIP:192.168.2.95
[7740] 2022/06/13 22:24:39.701 -----------------------------------------------------------------
[16400] 2022/06/14 20:05:01.706 Login ID: M122743970
[16400] 2022/06/14 20:05:01.706 Version：2.13.37
[16400] 2022/06/14 20:05:01.707 SKCOMBit：x64
[16400] 2022/06/14 20:05:02.157 Login Code: 0
[16400] 2022/06/14 20:05:02.895 Client Host Name:DESKTOP-V2EFVID,ClientIP:192.168.2.95
[16400] 2022/06/14 20:07:01.348 -----------------------------------------------------------------
[11712] 2022/06/15 20:52:53.008 Login ID: M122743970
[11712] 2022/06/15 20:52:53.009 Version：2.13.37
[11712] 2022/06/15 20:52:53.009 SKCOMBit：x64
[11712] 2022/06/15 20:52:53.427 Login Code: 0
[11712] 2022/06/15 20:52:53.980 Client Host Name:DESKTOP-V2EFVID,ClientIP:192.168.2.95
[11712] 2022/06/15 22:02:03.162 -----------------------------------------------------------------
[13236] 2022/06/16 22:01:21.264 Login ID: M122743970
[13236] 2022/06/16 22:01:21.265 Version：2.13.37
[13236] 2022/06/16 22:01:21.265 SKCOMBit：x64
[13236] 2022/06/16 22:01:23.395 Login Code: 0
[13236] 2022/06/16 22:01:24.911 Client Host Name:DESKTOP-V2EFVID,ClientIP:172.20.10.5
[13236] 2022/06/16 22:02:52.245 -----------------------------------------------------------------
[9436] 2022/06/19 22:47:47.600 Login ID: M122743970
[9436] 2022/06/19 22:47:47.600 Version：2.13.37
[9436] 2022/06/19 22:47:47.600 SKCOMBit：x64
[9436] 2022/06/19 22:47:48.066 Login Code: 0
[9436] 2022/06/19 22:47:48.746 Client Host Name:DESKTOP-V2EFVID,ClientIP:192.168.2.95
[9436] 2022/06/19 22:57:39.051 -----------------------------------------------------------------
[3604] 2022/06/21 00:20:02.714 Login ID: M122743970
[3604] 2022/06/21 00:20:02.714 Version：2.13.37
[3604] 2022/06/21 00:20:02.714 SKCOMBit：x64
[3604] 2022/06/21 00:20:03.157 Login Code: 0
[3604] 2022/06/21 00:20:03.767 Client Host Name:DESKTOP-V2EFVID,ClientIP:192.168.2.95
[3604] 2022/06/21 00:21:44.198 -----------------------------------------------------------------
[8304] 2022/06/21 00:27:26.567 Login ID: M122743970
[8304] 2022/06/21 00:27:26.568 Version：2.13.37
[8304] 2022/06/21 00:27:26.568 SKCOMBit：x64
[8304] 2022/06/21 00:27:26.943 Login Code: 0
[8304] 2022/06/21 00:27:29.202 Client Host Name:DESKTOP-V2EFVID,ClientIP:192.168.2.95
[8304] 2022/06/21 00:27:46.450 -----------------------------------------------------------------
[6980] 2022/06/21 19:30:38.595 Login ID: M122743970
[6980] 2022/06/21 19:30:38.595 Version：2.13.37
[6980] 2022/06/21 19:30:38.595 SKCOMBit：x64
[6980] 2022/06/21 19:30:38.951 Login Code: 0
[6980] 2022/06/21 19:30:39.482 Client Host Name:DESKTOP-V2EFVID,ClientIP:192.168.2.95
[6980] 2022/06/21 19:31:35.299 -----------------------------------------------------------------
[23864] 2022/06/22 22:54:31.931 Login ID: M122743970
[23864] 2022/06/22 22:54:31.932 Version：2.13.37
[23864] 2022/06/22 22:54:31.932 SKCOMBit：x64
[23864] 2022/06/22 22:54:38.744 Login Code: 0
[23864] 2022/06/22 22:54:47.411 Client Host Name:DESKTOP-V2EFVID,ClientIP:192.168.2.95
[23864] 2022/06/23 00:33:06.235 -----------------------------------------------------------------
[5044] 2022/06/23 19:49:35.795 Login ID: M122743970
[5044] 2022/06/23 19:49:35.796 Version：2.13.37
[5044] 2022/06/23 19:49:35.796 SKCOMBit：x64
[5044] 2022/06/23 19:49:36.170 Login Code: 0
[5044] 2022/06/23 19:49:38.970 Client Host Name:DESKTOP-V2EFVID,ClientIP:192.168.2.95
[5044] 2022/06/23 19:51:29.825 -----------------------------------------------------------------
[11552] 2022/06/24 01:28:29.424 Login ID: M122743970
[11552] 2022/06/24 01:28:29.424 Version：2.13.37
[11552] 2022/06/24 01:28:29.425 SKCOMBit：x64
[11552] 2022/06/24 01:28:31.172 Login Code: 0
[11552] 2022/06/24 01:28:32.161 Client Host Name:DESKTOP-V2EFVID,ClientIP:192.168.2.95
[11552] 2022/06/24 01:39:06.797 -----------------------------------------------------------------
[5836] 2022/06/25 18:25:05.799 Login ID: M122743970
[5836] 2022/06/25 18:25:05.800 Version：2.13.37
[5836] 2022/06/25 18:25:05.800 SKCOMBit：x64
[5836] 2022/06/25 18:25:07.171 Login Code: 0
[5836] 2022/06/25 18:25:07.954 Client Host Name:DESKTOP-V2EFVID,ClientIP:192.168.2.95
[5836] 2022/06/25 18:26:01.573 -----------------------------------------------------------------
[9344] 2022/06/27 22:23:11.776 Login ID: M122743970
[9344] 2022/06/27 22:23:11.776 Version：2.13.37
[9344] 2022/06/27 22:23:11.776 SKCOMBit：x64
[9344] 2022/06/27 22:23:18.105 Login Code: 0
[9344] 2022/06/27 22:23:23.426 Client Host Name:DESKTOP-V2EFVID,ClientIP:192.168.2.95
[9344] 2022/06/27 22:28:33.044 -----------------------------------------------------------------
[2680] 2022/06/28 23:50:25.653 Login ID: M122743970
[2680] 2022/06/28 23:50:25.653 Version：2.13.37
[2680] 2022/06/28 23:50:25.653 SKCOMBit：x64
[2680] 2022/06/28 23:50:26.071 Login Code: 0
[2680] 2022/06/28 23:50:27.949 Client Host Name:DESKTOP-V2EFVID,ClientIP:192.168.2.95
[2680] 2022/06/28 23:50:46.508 -----------------------------------------------------------------
[7448] 2022/06/29 22:14:54.497 Login ID: M122743970
[7448] 2022/06/29 22:14:54.497 Version：2.13.37
[7448] 2022/06/29 22:14:54.497 SKCOMBit：x64
[7448] 2022/06/29 22:14:54.919 Login Code: 0
[7448] 2022/06/29 22:14:55.756 Client Host Name:DESKTOP-V2EFVID,ClientIP:192.168.2.95
[7448] 2022/06/29 22:15:24.921 -----------------------------------------------------------------
[5840] 2022/06/30 18:22:38.725 Login ID: M122743970
[5840] 2022/06/30 18:22:38.725 Version：2.13.37
[5840] 2022/06/30 18:22:38.725 SKCOMBit：x64
[5840] 2022/06/30 18:22:39.146 Login Code: 0
[5840] 2022/06/30 18:22:40.052 Client Host Name:DESKTOP-V2EFVID,ClientIP:192.168.2.95
[5840] 2022/06/30 18:24:57.403 -----------------------------------------------------------------
[7460] 2022/07/01 09:59:09.334 Login ID: M122743970
[7460] 2022/07/01 09:59:09.334 Version：2.13.37
[7460] 2022/07/01 09:59:09.334 SKCOMBit：x64
[7460] 2022/07/01 09:59:09.768 Login Code: 0
[7460] 2022/07/01 09:59:10.724 Client Host Name:DESKTOP-V2EFVID,ClientIP:192.168.2.95
[7460] 2022/07/01 10:04:14.673 -----------------------------------------------------------------
[5740] 2022/07/03 22:20:22.786 Login ID: M122743970
[5740] 2022/07/03 22:20:22.786 Version：2.13.37
[5740] 2022/07/03 22:20:22.786 SKCOMBit：x64
[5740] 2022/07/03 22:20:25.224 Login Code: 0
[5740] 2022/07/03 22:20:26.024 Client Host Name:DESKTOP-V2EFVID,ClientIP:192.168.2.95
[5740] 2022/07/03 22:21:41.423 -----------------------------------------------------------------
[14736] 2022/07/04 20:26:36.806 Login ID: M122743970
[14736] 2022/07/04 20:26:36.806 Version：2.13.37
[14736] 2022/07/04 20:26:36.807 SKCOMBit：x64
[14736] 2022/07/04 20:26:38.195 Login Code: 0
[14736] 2022/07/04 20:26:41.656 Client Host Name:DESKTOP-V2EFVID,ClientIP:192.168.2.95
[14736] 2022/07/04 20:27:09.605 -----------------------------------------------------------------
[15744] 2022/07/05 22:12:39.518 Login ID: M122743970
[15744] 2022/07/05 22:12:39.518 Version：2.13.37
[15744] 2022/07/05 22:12:39.519 SKCOMBit：x64
[15744] 2022/07/05 22:12:39.932 Login Code: 0
[15744] 2022/07/05 22:12:41.242 Client Host Name:DESKTOP-V2EFVID,ClientIP:192.168.2.95
[15744] 2022/07/05 22:13:07.825 -----------------------------------------------------------------
[15572] 2022/07/06 22:15:04.838 Login ID: M122743970
[15572] 2022/07/06 22:15:04.838 Version：2.13.37
[15572] 2022/07/06 22:15:04.838 SKCOMBit：x64
[15572] 2022/07/06 22:15:06.933 Login ID: M122743970
[15572] 2022/07/06 22:15:06.933 Version：2.13.37
[15572] 2022/07/06 22:15:06.933 SKCOMBit：x64
[15572] 2022/07/06 22:15:08.045 Login ID: M122743970
[15572] 2022/07/06 22:15:08.045 Version：2.13.37
[15572] 2022/07/06 22:15:08.046 SKCOMBit：x64
[15572] 2022/07/06 22:15:09.124 -----------------------------------------------------------------
[740] 2022/07/06 22:15:11.101 Login ID: M122743970
[740] 2022/07/06 22:15:11.101 Version：2.13.37
[740] 2022/07/06 22:15:11.101 SKCOMBit：x64
[740] 2022/07/06 22:15:12.065 Login ID: M122743970
[740] 2022/07/06 22:15:12.065 Version：2.13.37
[740] 2022/07/06 22:15:12.065 SKCOMBit：x64
[740] 2022/07/06 22:15:12.731 Login ID: M122743970
[740] 2022/07/06 22:15:12.731 Version：2.13.37
[740] 2022/07/06 22:15:12.732 SKCOMBit：x64
[740] 2022/07/06 22:15:59.984 Login ID: M122743970
[740] 2022/07/06 22:15:59.984 Version：2.13.37
[740] 2022/07/06 22:15:59.984 SKCOMBit：x64
[740] 2022/07/06 22:16:05.459 Login Code: 0
[1748] 2022/07/06 22:16:28.922 Login ID: M122743970
[1748] 2022/07/06 22:16:28.922 Version：2.13.37
[1748] 2022/07/06 22:16:28.923 SKCOMBit：x64
[1748] 2022/07/06 22:16:30.208 Login Code: 0
[1748] 2022/07/06 22:16:31.780 Client Host Name:DESKTOP-V2EFVID,ClientIP:192.168.2.95
[1748] 2022/07/06 22:16:46.348 -----------------------------------------------------------------
[9392] 2022/10/07 23:45:05.349 Login ID: M122743970
[9392] 2022/10/07 23:45:05.349 Version：2.13.37
[9392] 2022/10/07 23:45:05.349 SKCOMBit：x64
[9392] 2022/10/07 23:45:05.761 Login Code: 0
[9392] 2022/10/07 23:45:08.709 Client Host Name:DESKTOP-V2EFVID,ClientIP:192.168.2.95
[9392] 2022/10/08 02:15:33.170 -----------------------------------------------------------------
[26680] 2023/08/02 13:26:40.397 [M122743970]憑證已過期(5011)
[26680] 2023/08/02 13:26:40.408 Cert isn't exist or invalid, error code is 5011.  Please apply new one from Capital website.
[26680] 2023/08/02 13:26:40.413 Login ID: M122743970
[26680] 2023/08/02 13:26:40.413 Version：2.13.37
[26680] 2023/08/02 13:26:40.414 SKCOMBit：x64
[26680] 2023/08/02 13:26:40.881 Login Code: 507
[26680] 2023/08/02 13:26:42.470 -----------------------------------------------------------------
[18792] 2023/08/02 13:47:06.984 Login ID: M122743970
[18792] 2023/08/02 13:47:06.984 Version：2.13.37
[18792] 2023/08/02 13:47:06.984 SKCOMBit：x64
[18792] 2023/08/02 13:47:07.823 Login Code: 0
[18792] 2023/08/02 13:47:14.351 Client Host Name:PDD00338,ClientIP:172.23.0.1
[18792] 2023/08/02 13:52:31.091 -----------------------------------------------------------------
[18564] 2023/08/02 13:52:35.923 Login ID: M122743970
[18564] 2023/08/02 13:52:35.923 Version：2.13.37
[18564] 2023/08/02 13:52:35.923 SKCOMBit：x64
[18564] 2023/08/02 13:52:37.916 Login Code: 0
[18564] 2023/08/02 13:52:39.930 Client Host Name:PDD00338,ClientIP:172.23.0.1
[18564] 2023/08/02 17:12:56.296 -----------------------------------------------------------------
[22224] 2024/05/23 14:58:13.930 Login ID: M122743970
[22224] 2024/05/23 14:58:13.931 Version：2.13.37
[22224] 2024/05/23 14:58:13.931 SKCOMBit：x64
[22224] 2024/05/23 14:58:33.029 Login ID: M122743970
[22224] 2024/05/23 14:58:33.029 Version：2.13.37
[22224] 2024/05/23 14:58:33.029 SKCOMBit：x64
[22224] 2024/05/23 15:16:51.834 -----------------------------------------------------------------
[20936] 2024/05/23 16:02:19.808 Login ID: M122743970
[20936] 2024/05/23 16:02:19.809 Version：2.13.37
[20936] 2024/05/23 16:02:19.809 SKCOMBit：x64
[20936] 2024/05/23 16:02:20.675 Login Code: 0
[20936] 2024/05/23 16:02:25.330 Client Host Name:PDD00338,ClientIP:172.28.16.1
[20936] 2024/05/23 16:02:37.908 -----------------------------------------------------------------
[14624] 2024/05/23 16:04:22.393 Login ID: M122743970
[14624] 2024/05/23 16:04:22.393 Version：2.13.37
[14624] 2024/05/23 16:04:22.394 SKCOMBit：x64
[14624] 2024/05/23 16:04:24.183 Login Code: 0
[14624] 2024/05/23 16:04:25.735 Client Host Name:PDD00338,ClientIP:172.28.16.1
[14624] 2024/05/23 16:06:32.304 -----------------------------------------------------------------
[17312] 2024/05/23 16:06:36.681 Login ID: M122743970
[17312] 2024/05/23 16:06:36.682 Version：2.13.37
[17312] 2024/05/23 16:06:36.682 SKCOMBit：x64
[17312] 2024/05/23 16:06:37.348 Login Code: 0
[17312] 2024/05/23 16:06:38.697 Client Host Name:PDD00338,ClientIP:172.28.16.1
[17312] 2024/05/23 16:09:08.600 -----------------------------------------------------------------
