-----------------------------------------------------------------
[15992] 2022/05/28 12:53:18.988 [M122743970]無法在憑證區(或憑證檔)中,找到指定憑證(5010)
[15992] 2022/05/28 12:53:21.541 -----------------------------------------------------------------
[3156] 2022/05/28 12:56:37.706 [M122743970]無法在憑證區(或憑證檔)中,找到指定憑證(5010)
[3156] 2022/05/28 12:56:39.072 [M122743970]無法在憑證區(或憑證檔)中,找到指定憑證(5010)
[3156] 2022/05/28 12:56:39.672 [M122743970]無法在憑證區(或憑證檔)中,找到指定憑證(5010)
[3156] 2022/05/28 12:56:40.116 [M122743970]無法在憑證區(或憑證檔)中,找到指定憑證(5010)
[3156] 2022/05/28 12:56:40.285 [M122743970]無法在憑證區(或憑證檔)中,找到指定憑證(5010)
[3156] 2022/05/28 12:56:40.448 [M122743970]無法在憑證區(或憑證檔)中,找到指定憑證(5010)
[3156] 2022/05/28 12:56:40.613 [M122743970]無法在憑證區(或憑證檔)中,找到指定憑證(5010)
[3156] 2022/05/28 12:56:40.761 [M122743970]無法在憑證區(或憑證檔)中,找到指定憑證(5010)
[3156] 2022/05/28 12:56:40.910 [M122743970]無法在憑證區(或憑證檔)中,找到指定憑證(5010)
[3156] 2022/05/28 12:56:41.070 [M122743970]無法在憑證區(或憑證檔)中,找到指定憑證(5010)
[3156] 2022/05/28 12:56:41.222 [M122743970]無法在憑證區(或憑證檔)中,找到指定憑證(5010)
[3156] 2022/05/28 12:56:41.365 [M122743970]無法在憑證區(或憑證檔)中,找到指定憑證(5010)
[3156] 2022/05/28 12:56:41.501 [M122743970]無法在憑證區(或憑證檔)中,找到指定憑證(5010)
[3156] 2022/05/28 12:56:41.655 [M122743970]無法在憑證區(或憑證檔)中,找到指定憑證(5010)
[3156] 2022/05/28 12:56:41.814 [M122743970]無法在憑證區(或憑證檔)中,找到指定憑證(5010)
[3156] 2022/05/28 12:56:41.953 [M122743970]無法在憑證區(或憑證檔)中,找到指定憑證(5010)
[3156] 2022/05/28 12:56:42.903 -----------------------------------------------------------------
[8928] 2022/05/28 15:10:16.407 Cert CN:M122743970  ID:7e4b1062  SDATE:20220528150915  EDATE:20230528235959
[8928] 2022/05/28 15:51:56.993 -----------------------------------------------------------------
[10812] 2022/05/28 17:03:37.781 Cert CN:M122743970  ID:7e4b1062  SDATE:20220528150915  EDATE:20230528235959
[10812] 2022/05/28 17:04:02.871 -----------------------------------------------------------------
[12648] 2022/05/28 17:05:53.446 Cert CN:M122743970  ID:7e4b1062  SDATE:20220528150915  EDATE:20230528235959
[12648] 2022/05/28 17:06:50.683 -----------------------------------------------------------------
[11964] 2022/05/28 17:10:17.924 Cert CN:M122743970  ID:7e4b1062  SDATE:20220528150915  EDATE:20230528235959
[11964] 2022/05/28 17:26:34.435 -----------------------------------------------------------------
[18152] 2022/05/28 17:41:46.506 Cert CN:M122743970  ID:7e4b1062  SDATE:20220528150915  EDATE:20230528235959
[18152] 2022/05/28 17:41:48.804 -----------------------------------------------------------------
[12804] 2022/05/28 17:44:30.044 Cert CN:M122743970  ID:7e4b1062  SDATE:20220528150915  EDATE:20230528235959
[12804] 2022/05/28 17:44:36.656 -----------------------------------------------------------------
[5436] 2022/05/28 17:45:28.493 Cert CN:M122743970  ID:7e4b1062  SDATE:20220528150915  EDATE:20230528235959
[5436] 2022/05/28 17:45:34.624 -----------------------------------------------------------------
[11380] 2022/05/28 17:45:58.431 Cert CN:M122743970  ID:7e4b1062  SDATE:20220528150915  EDATE:20230528235959
[11380] 2022/05/28 20:10:59.900 -----------------------------------------------------------------
[12352] 2022/05/30 22:59:12.624 Cert CN:M122743970  ID:7e4b1062  SDATE:20220528150915  EDATE:20230528235959
[12352] 2022/05/30 23:07:22.995 -----------------------------------------------------------------
[9908] 2022/05/31 18:36:25.205 Cert CN:M122743970  ID:7e4b1062  SDATE:20220528150915  EDATE:20230528235959
[9908] 2022/05/31 18:37:08.343 -----------------------------------------------------------------
[18500] 2022/05/31 18:46:50.044 Cert CN:M122743970  ID:7e4b1062  SDATE:20220528150915  EDATE:20230528235959
[18500] 2022/05/31 18:47:03.989 -----------------------------------------------------------------
[17564] 2022/05/31 18:54:26.766 Cert CN:M122743970  ID:7e4b1062  SDATE:20220528150915  EDATE:20230528235959
[17564] 2022/05/31 18:55:11.379 -----------------------------------------------------------------
[17132] 2022/05/31 22:48:09.491 Cert CN:M122743970  ID:7e4b1062  SDATE:20220528150915  EDATE:20230528235959
[17132] 2022/05/31 22:48:28.157 -----------------------------------------------------------------
[22440] 2022/06/01 23:36:18.338 Cert CN:M122743970  ID:7e4b1062  SDATE:20220528150915  EDATE:20230528235959
[22440] 2022/06/01 23:37:41.312 -----------------------------------------------------------------
[27944] 2022/06/06 18:14:13.516 Cert CN:M122743970  ID:7e4e8f29  SDATE:20220606181319  EDATE:20230606235959
[8824] 2022/06/06 22:24:51.734 Cert CN:M122743970  ID:7e4e8f29  SDATE:20220606181319  EDATE:20230606235959
[8824] 2022/06/06 22:25:17.317 -----------------------------------------------------------------
[14960] 2022/06/06 22:28:25.656 Cert CN:M122743970  ID:7e4e8f29  SDATE:20220606181319  EDATE:20230606235959
[14960] 2022/06/06 22:28:39.031 -----------------------------------------------------------------
[14468] 2022/06/06 22:31:54.452 Cert CN:M122743970  ID:7e4e8f29  SDATE:20220606181319  EDATE:20230606235959
[14468] 2022/06/06 22:36:08.410 -----------------------------------------------------------------
[3128] 2022/06/06 22:39:02.981 Cert CN:M122743970  ID:7e4e8f29  SDATE:20220606181319  EDATE:20230606235959
[3128] 2022/06/06 22:46:24.862 -----------------------------------------------------------------
[21320] 2022/06/08 23:12:49.544 Cert CN:M122743970  ID:7e4e8f29  SDATE:20220606181319  EDATE:20230606235959
[21320] 2022/06/08 23:15:32.882 -----------------------------------------------------------------
[2464] 2022/06/08 23:16:42.384 Cert CN:M122743970  ID:7e4e8f29  SDATE:20220606181319  EDATE:20230606235959
[2464] 2022/06/08 23:23:03.404 -----------------------------------------------------------------
[26048] 2022/06/09 21:31:53.150 Cert CN:M122743970  ID:7e503839  SDATE:20220609201438  EDATE:20230609235959
[26048] 2022/06/09 21:35:48.228 -----------------------------------------------------------------
[1104] 2022/06/10 20:19:35.842 Cert CN:M122743970  ID:7e503839  SDATE:20220609201438  EDATE:20230609235959
[1104] 2022/06/10 20:20:34.704 -----------------------------------------------------------------
[7740] 2022/06/13 22:21:44.131 Cert CN:M122743970  ID:7e51bbd3  SDATE:20220613221852  EDATE:20230613235959
[7740] 2022/06/13 22:24:39.701 -----------------------------------------------------------------
[16400] 2022/06/14 20:05:05.068 Cert CN:M122743970  ID:7e524045  SDATE:20220614200318  EDATE:20230614235959
[16400] 2022/06/14 20:07:01.348 -----------------------------------------------------------------
[11712] 2022/06/15 22:00:31.481 Cert CN:M122743970  ID:7e524045  SDATE:20220614200318  EDATE:20230614235959
[11712] 2022/06/15 22:02:03.162 -----------------------------------------------------------------
[13236] 2022/06/16 22:01:31.291 Cert CN:M122743970  ID:7e524045  SDATE:20220614200318  EDATE:20230614235959
[13236] 2022/06/16 22:02:52.245 -----------------------------------------------------------------
[9436] 2022/06/19 22:47:50.017 Cert CN:M122743970  ID:7e524045  SDATE:20220614200318  EDATE:20230614235959
[9436] 2022/06/19 22:57:39.052 -----------------------------------------------------------------
[3604] 2022/06/21 00:20:20.509 Cert CN:M122743970  ID:7e524045  SDATE:20220614200318  EDATE:20230614235959
[3604] 2022/06/21 00:21:44.198 -----------------------------------------------------------------
[8304] 2022/06/21 00:27:30.051 Cert CN:M122743970  ID:7e524045  SDATE:20220614200318  EDATE:20230614235959
[8304] 2022/06/21 00:27:46.451 -----------------------------------------------------------------
[6980] 2022/06/21 19:31:17.865 Cert CN:M122743970  ID:7e524045  SDATE:20220614200318  EDATE:20230614235959
[6980] 2022/06/21 19:31:35.299 -----------------------------------------------------------------
[23864] 2022/06/22 22:55:06.242 ERROR: 憑證簽章失敗，錯誤代碼: M999 資料傳輸失敗 Code: 12002
[23864] 2022/06/22 22:55:06.291 ERROR: 憑證備援簽章完成
[23864] 2022/06/22 22:55:06.291 Cert CN:M122743970  ID:7e524045  SDATE:20220614200318  EDATE:20230614235959
[23864] 2022/06/23 00:33:06.236 -----------------------------------------------------------------
[5044] 2022/06/23 19:49:43.400 Cert CN:M122743970  ID:7e524045  SDATE:20220614200318  EDATE:20230614235959
[5044] 2022/06/23 19:51:29.826 -----------------------------------------------------------------
[11552] 2022/06/24 01:36:13.278 Cert CN:M122743970  ID:7e524045  SDATE:20220614200318  EDATE:20230614235959
[11552] 2022/06/24 01:39:06.797 -----------------------------------------------------------------
[5836] 2022/06/25 18:25:09.701 Cert CN:M122743970  ID:7e524045  SDATE:20220614200318  EDATE:20230614235959
[5836] 2022/06/25 18:26:01.574 -----------------------------------------------------------------
[9344] 2022/06/27 22:24:16.317 Cert CN:M122743970  ID:7e524045  SDATE:20220614200318  EDATE:20230614235959
[9344] 2022/06/27 22:28:33.045 -----------------------------------------------------------------
[2680] 2022/06/28 23:50:33.622 Cert CN:M122743970  ID:7e524045  SDATE:20220614200318  EDATE:20230614235959
[2680] 2022/06/28 23:50:46.508 -----------------------------------------------------------------
[7448] 2022/06/29 22:14:57.749 Cert CN:M122743970  ID:7e524045  SDATE:20220614200318  EDATE:20230614235959
[7448] 2022/06/29 22:15:24.922 -----------------------------------------------------------------
[5840] 2022/06/30 18:22:42.099 Cert CN:M122743970  ID:7e524045  SDATE:20220614200318  EDATE:20230614235959
[5840] 2022/06/30 18:24:57.403 -----------------------------------------------------------------
[7460] 2022/07/01 09:59:12.201 Cert CN:M122743970  ID:7e524045  SDATE:20220614200318  EDATE:20230614235959
[7460] 2022/07/01 10:04:14.674 -----------------------------------------------------------------
[5740] 2022/07/03 22:20:37.361 Cert CN:M122743970  ID:7e524045  SDATE:20220614200318  EDATE:20230614235959
[5740] 2022/07/03 22:21:41.423 -----------------------------------------------------------------
[14736] 2022/07/04 20:26:48.375 Cert CN:M122743970  ID:7e524045  SDATE:20220614200318  EDATE:20230614235959
[14736] 2022/07/04 20:27:09.605 -----------------------------------------------------------------
[15744] 2022/07/05 22:12:43.412 Cert CN:M122743970  ID:7e524045  SDATE:20220614200318  EDATE:20230614235959
[15744] 2022/07/05 22:13:07.826 -----------------------------------------------------------------
[1748] 2022/07/06 22:16:33.121 Cert CN:M122743970  ID:7e524045  SDATE:20220614200318  EDATE:20230614235959
[1748] 2022/07/06 22:16:46.350 -----------------------------------------------------------------
[9392] 2022/10/07 23:45:10.674 Cert CN:M122743970  ID:7e524045  SDATE:20220614200318  EDATE:20230614235959
[9392] 2022/10/08 02:15:33.171 -----------------------------------------------------------------
[26680] 2023/08/02 13:26:40.408 [M122743970]憑證已過期(5011)
[26680] 2023/08/02 13:26:42.472 -----------------------------------------------------------------
[18792] 2023/08/02 13:47:17.645 Cert CN:M122743970  ID:50d2e830  SDATE:20230802134616  EDATE:20240802235959
[18792] 2023/08/02 13:52:31.094 -----------------------------------------------------------------
[20936] 2024/05/23 16:02:34.031 Cert CN:M122743970  ID:50d2e830  SDATE:20230802134616  EDATE:20240802235959
[20936] 2024/05/23 16:02:37.911 -----------------------------------------------------------------
[17312] 2024/05/23 16:07:03.994 Cert CN:M122743970  ID:50d2e830  SDATE:20230802134616  EDATE:20240802235959
[17312] 2024/05/23 16:09:08.602 -----------------------------------------------------------------
